2026-05-05 14:41:14,264 | INFO | vkbottle | Caught keyboard interrupt. Shutting down...
2026-05-05 14:41:14,549 | ERROR | asyncio | Unclosed client session
client_session: <aiohttp.client.ClientSession object at 0x000001D36D5BC1A0>
2026-05-05 14:56:24,779 | INFO | app | Bot starting...
2026-05-05 14:56:25,093 | INFO | vkbottle | Loop will be run forever
2026-05-05 14:56:25,095 | INFO | vkbottle | Starting BotPolling for <API token_generator=<<class 'vkbottle.api.token_generator.single.SingleTokenGenerator'>>...>
2026-05-05 14:56:36,974 | INFO | app | Background polling task started (every 1 minute).
2026-05-05 14:56:37,083 | ERROR | asyncio | Task exception was never retrieved
future: <Task finished name='Task-10' coro=<EmailService.poll_new_emails_forever() done, defined at C:\Users\me\Desktop\Project\project-vk-mail-ai\app\services\email_service.py:227> exception=AttributeError("'Settings' object has no attribute 'USER_TIMEZONE'")>
Traceback (most recent call last):
  File "C:\Users\me\Desktop\Project\project-vk-mail-ai\app\services\email_service.py", line 229, in poll_new_emails_forever
    from app.services.reminder_service import reminder_service
  File "C:\Users\me\Desktop\Project\project-vk-mail-ai\app\services\reminder_service.py", line 130, in <module>
    reminder_service = ReminderService()
  File "C:\Users\me\Desktop\Project\project-vk-mail-ai\app\services\reminder_service.py", line 18, in __init__
    self.tz = ZoneInfo(settings.USER_TIMEZONE)
                       ^^^^^^^^^^^^^^^^^^^^^^
  File "C:\Users\me\Desktop\Project\project-vk-mail-ai\.venv\Lib\site-packages\pydantic\main.py", line 1026, in __getattr__
    raise AttributeError(f'{type(self).__name__!r} object has no attribute {item!r}')
AttributeError: 'Settings' object has no attribute 'USER_TIMEZONE'
2026-05-05 14:58:28,620 | ERROR | imap | ❌ Fetch last 15 failed for sekretarmolcalivyj@gmail.com: The read operation timed out
2026-05-05 14:58:36,213 | ERROR | imap | IMAP check failed for sekretarmolcalivyj@gmail.com: The read operation timed out
2026-05-05 14:59:59,170 | WARNING | imap | ⚠️ Chunk fetch failed for sekretarmolcalivyj@gmail.com: UID command error: BAD [b'Could not parse command']
2026-05-05 15:04:43,875 | INFO | vkbottle | Caught keyboard interrupt. Shutting down...
2026-05-05 15:04:44,198 | ERROR | asyncio | Unclosed client session
client_session: <aiohttp.client.ClientSession object at 0x000001D8E3CF02F0>
2026-05-05 15:04:52,691 | INFO | app | Bot starting...
2026-05-05 15:04:53,795 | INFO | vkbottle | Loop will be run forever
2026-05-05 15:04:53,797 | INFO | vkbottle | Starting BotPolling for <API token_generator=<<class 'vkbottle.api.token_generator.single.SingleTokenGenerator'>>...>
2026-05-05 15:04:55,962 | INFO | app | Background polling task started (every 1 minute).
2026-05-05 15:04:56,071 | ERROR | asyncio | Task exception was never retrieved
future: <Task finished name='Task-10' coro=<EmailService.poll_new_emails_forever() done, defined at C:\Users\me\Desktop\Project\project-vk-mail-ai\app\services\email_service.py:227> exception=AttributeError("'Settings' object has no attribute 'USER_TIMEZONE'")>
Traceback (most recent call last):
  File "C:\Users\me\Desktop\Project\project-vk-mail-ai\app\services\email_service.py", line 229, in poll_new_emails_forever
    from app.services.reminder_service import reminder_service
  File "C:\Users\me\Desktop\Project\project-vk-mail-ai\app\services\reminder_service.py", line 130, in <module>
    reminder_service = ReminderService()
  File "C:\Users\me\Desktop\Project\project-vk-mail-ai\app\services\reminder_service.py", line 18, in __init__
    self.tz = ZoneInfo(settings.USER_TIMEZONE)
                       ^^^^^^^^^^^^^^^^^^^^^^
  File "C:\Users\me\Desktop\Project\project-vk-mail-ai\.venv\Lib\site-packages\pydantic\main.py", line 1026, in __getattr__
    raise AttributeError(f'{type(self).__name__!r} object has no attribute {item!r}')
AttributeError: 'Settings' object has no attribute 'USER_TIMEZONE'
2026-05-05 15:05:14,908 | WARNING | imap | ⚠️ IMAP UID fetch error for sekretarmolcalivyj@gmail.com: UID command error: BAD [b'Could not parse command'] | Trying fallback...
2026-05-05 15:06:32,863 | ERROR | ai | AI request failed: 
2026-05-05 15:06:32,864 | WARNING | email | AI failed for email 59, using fallback: 
2026-05-05 15:06:41,548 | INFO | httpx | HTTP Request: POST https://gen.pollinations.ai/v1/chat/completions "HTTP/1.1 200 OK"
2026-05-05 15:06:46,403 | INFO | httpx | HTTP Request: POST https://gen.pollinations.ai/v1/chat/completions "HTTP/1.1 200 OK"
2026-05-05 15:06:50,354 | INFO | httpx | HTTP Request: POST https://gen.pollinations.ai/v1/chat/completions "HTTP/1.1 200 OK"
2026-05-05 15:06:55,272 | INFO | httpx | HTTP Request: POST https://gen.pollinations.ai/v1/chat/completions "HTTP/1.1 200 OK"
2026-05-05 15:07:01,311 | INFO | httpx | HTTP Request: POST https://gen.pollinations.ai/v1/chat/completions "HTTP/1.1 200 OK"
2026-05-05 15:14:41,550 | WARNING | imap | ⚠️ IMAP UID fetch error for sekretarmolcalivyj@gmail.com: UID command error: BAD [b'Could not parse command'] | Trying fallback...
2026-05-05 15:14:58,003 | INFO | httpx | HTTP Request: POST https://gen.pollinations.ai/v1/chat/completions "HTTP/1.1 200 OK"
2026-05-05 15:15:00,394 | INFO | httpx | HTTP Request: POST https://gen.pollinations.ai/v1/chat/completions "HTTP/1.1 200 OK"
2026-05-05 15:15:03,159 | INFO | httpx | HTTP Request: POST https://gen.pollinations.ai/v1/chat/completions "HTTP/1.1 200 OK"
2026-05-05 15:15:10,479 | INFO | httpx | HTTP Request: POST https://gen.pollinations.ai/v1/chat/completions "HTTP/1.1 200 OK"
2026-05-05 15:15:14,946 | INFO | httpx | HTTP Request: POST https://gen.pollinations.ai/v1/chat/completions "HTTP/1.1 200 OK"
2026-05-05 15:15:18,417 | INFO | httpx | HTTP Request: POST https://gen.pollinations.ai/v1/chat/completions "HTTP/1.1 200 OK"
2026-05-05 15:15:21,083 | INFO | httpx | HTTP Request: POST https://gen.pollinations.ai/v1/chat/completions "HTTP/1.1 200 OK"
2026-05-05 15:15:26,406 | INFO | httpx | HTTP Request: POST https://gen.pollinations.ai/v1/chat/completions "HTTP/1.1 200 OK"
2026-05-05 15:15:29,172 | INFO | httpx | HTTP Request: POST https://gen.pollinations.ai/v1/chat/completions "HTTP/1.1 200 OK"
2026-05-05 15:15:29,685 | INFO | httpx | HTTP Request: POST https://gen.pollinations.ai/v1/chat/completions "HTTP/1.1 200 OK"
2026-05-05 15:20:00,357 | WARNING | imap | ⚠️ IMAP UID fetch error for whokolor@gmail.com: UID command error: BAD [b'Could not parse command'] | Trying fallback...
2026-05-05 15:20:11,829 | INFO | httpx | HTTP Request: POST https://gen.pollinations.ai/v1/chat/completions "HTTP/1.1 200 OK"
2026-05-05 15:20:15,008 | INFO | httpx | HTTP Request: POST https://gen.pollinations.ai/v1/chat/completions "HTTP/1.1 200 OK"
2026-05-05 15:20:18,178 | INFO | httpx | HTTP Request: POST https://gen.pollinations.ai/v1/chat/completions "HTTP/1.1 200 OK"
2026-05-05 15:20:21,880 | INFO | httpx | HTTP Request: POST https://gen.pollinations.ai/v1/chat/completions "HTTP/1.1 200 OK"
2026-05-05 15:20:24,732 | INFO | httpx | HTTP Request: POST https://gen.pollinations.ai/v1/chat/completions "HTTP/1.1 200 OK"
2026-05-05 15:20:27,295 | INFO | httpx | HTTP Request: POST https://gen.pollinations.ai/v1/chat/completions "HTTP/1.1 200 OK"
2026-05-05 15:20:31,399 | INFO | httpx | HTTP Request: POST https://gen.pollinations.ai/v1/chat/completions "HTTP/1.1 200 OK"
2026-05-05 15:20:35,038 | INFO | httpx | HTTP Request: POST https://gen.pollinations.ai/v1/chat/completions "HTTP/1.1 200 OK"
2026-05-05 15:20:37,841 | INFO | httpx | HTTP Request: POST https://gen.pollinations.ai/v1/chat/completions "HTTP/1.1 200 OK"
2026-05-05 15:20:41,112 | INFO | httpx | HTTP Request: POST https://gen.pollinations.ai/v1/chat/completions "HTTP/1.1 200 OK"
2026-05-05 15:20:44,498 | INFO | httpx | HTTP Request: POST https://gen.pollinations.ai/v1/chat/completions "HTTP/1.1 200 OK"
2026-05-05 15:20:48,086 | INFO | httpx | HTTP Request: POST https://gen.pollinations.ai/v1/chat/completions "HTTP/1.1 200 OK"
2026-05-05 15:20:50,745 | INFO | httpx | HTTP Request: POST https://gen.pollinations.ai/v1/chat/completions "HTTP/1.1 200 OK"
2026-05-05 15:20:53,545 | INFO | httpx | HTTP Request: POST https://gen.pollinations.ai/v1/chat/completions "HTTP/1.1 200 OK"
2026-05-05 15:20:55,968 | INFO | httpx | HTTP Request: POST https://gen.pollinations.ai/v1/chat/completions "HTTP/1.1 200 OK"
2026-05-05 16:02:56,259 | INFO | vkbottle | Caught keyboard interrupt. Shutting down...
2026-05-05 16:02:56,661 | ERROR | asyncio | Unclosed client session
client_session: <aiohttp.client.ClientSession object at 0x0000021D8F7646E0>
2026-05-05 16:05:10,744 | INFO | app | Bot starting...
2026-05-05 16:05:11,673 | INFO | vkbottle | Loop will be run forever
2026-05-05 16:05:11,675 | INFO | vkbottle | Starting BotPolling for <API token_generator=<<class 'vkbottle.api.token_generator.single.SingleTokenGenerator'>>...>
2026-05-05 16:05:13,154 | INFO | app | Background polling task started (every 1 minute).
2026-05-05 16:05:13,267 | ERROR | asyncio | Task exception was never retrieved
future: <Task finished name='Task-10' coro=<EmailService.poll_new_emails_forever() done, defined at C:\Users\me\Desktop\Project\project-vk-mail-ai\app\services\email_service.py:228> exception=AttributeError("'Settings' object has no attribute 'USER_TIMEZONE'")>
Traceback (most recent call last):
  File "C:\Users\me\Desktop\Project\project-vk-mail-ai\app\services\email_service.py", line 230, in poll_new_emails_forever
    from app.services.reminder_service import reminder_service
  File "C:\Users\me\Desktop\Project\project-vk-mail-ai\app\services\reminder_service.py", line 104, in <module>
    reminder_service = ReminderService()
  File "C:\Users\me\Desktop\Project\project-vk-mail-ai\app\services\reminder_service.py", line 18, in __init__
    self.tz = ZoneInfo(settings.USER_TIMEZONE)
                       ^^^^^^^^^^^^^^^^^^^^^^
  File "C:\Users\me\Desktop\Project\project-vk-mail-ai\.venv\Lib\site-packages\pydantic\main.py", line 1026, in __getattr__
    raise AttributeError(f'{type(self).__name__!r} object has no attribute {item!r}')
AttributeError: 'Settings' object has no attribute 'USER_TIMEZONE'
2026-05-05 16:10:26,937 | INFO | httpx | HTTP Request: POST https://gen.pollinations.ai/v1/chat/completions "HTTP/1.1 200 OK"
